Arguments: 
  /Users/tianhuili/.nvm/versions/node/v14.18.2/bin/node /Users/tianhuili/.nvm/versions/node/v14.18.2/bin/yarn add @react-navigation/stack

PATH: 
  /Users/tianhuili/.nvm/versions/node/v14.18.2/bin:/opt/homebrew/opt/openjdk/bin:/opt/homebrew/bin:/opt/homebrew/sbin:/usr/local/bin:/usr/bin:/bin:/usr/sbin:/sbin:/Users/tianhuili/.nvm/versions/node/v16.13.1/bin:/opt/homebrew/opt/openjdk/bin:/opt/homebrew/Caskroom/google-cloud-sdk/latest/google-cloud-sdk/bin:/opt/homebrew/bin:/opt/homebrew/sbin:/Users/tianhuili/.npm-packages/bin:/Users/tianhuili/go/bin:/Users/tianhuili/.npm-packages/bin:/Users/tianhuili/go/bin

Yarn version: 
  1.22.17

Node version: 
  14.18.2

Platform: 
  darwin arm64

Trace: 
  SyntaxError: /Volumes/Workspace/colorblinder/package.json: Unexpected token } in JSON at position 540
      at JSON.parse (<anonymous>)
      at /Users/tianhuili/.nvm/versions/node/v14.18.2/lib/node_modules/yarn/lib/cli.js:1625:59
      at Generator.next (<anonymous>)
      at step (/Users/tianhuili/.nvm/versions/node/v14.18.2/lib/node_modules/yarn/lib/cli.js:310:30)
      at /Users/tianhuili/.nvm/versions/node/v14.18.2/lib/node_modules/yarn/lib/cli.js:321:13

npm manifest: 
  {
    "name": "colorblinder",
    "version": "1.0.0",
    "main": "node_modules/expo/AppEntry.js",
    "scripts": {
      "start": "expo start",
      "android": "expo start --android",
      "ios": "expo start --ios",
      "web": "expo start --web",
      "eject": "expo eject"
    },
    "dependencies": {
      "expo": "~44.0.0",
      "expo-status-bar": "~1.2.0",
      "react": "17.0.1",
      "react-dom": "17.0.1",
      "react-native": "0.64.3",
      "react-native-gesture-handler": "^1.10.3",
      "react-native-web": "0.17.1",
      "react-navigation": "^4.4.4",
    },
    "devDependencies": {
      "@babel/core": "^7.12.9"
    },
    "private": true
  }

yarn manifest: 
  No manifest

Lockfile: 
  No lockfile
